[03:13:01] [INIT] KubeJS 2001.6.5-build.16; MC 2001 forge
[03:13:01] [INIT] Loaded plugins:
[03:13:01] [INIT] - dev.latvian.mods.kubejs.forge.BuiltinKubeJSForgePlugin
[03:13:01] [INIT] - net.threetag.palladium.compat.kubejs.PalladiumKubeJSPlugin
[03:13:02] [INFO] example.js#5: Hello, World! (Loaded server scripts)
[03:13:02] [INFO] Loaded script server_scripts:example.js in 0.001 s
[03:13:02] [INFO] Loaded script addonpack_alienevo:kubejs_scripts/failsafe.js in 0.002 s
[03:13:02] [INFO] Loaded script addonpack_alienevo:kubejs_scripts/xp.js in 0.001 s
[03:13:02] [INFO] Loaded script addonpack_alienevo:kubejs_scripts/pod_loot.js in 0.003 s
[03:13:02] [INFO] Loaded script addonpack_alienevo:kubejs_scripts/palladium_properties.js in 0.0 s
[03:13:02] [INFO] Loaded script addonpack_alienevo:kubejs_scripts/alien_death.js in 0.0 s
[03:13:02] [INFO] Loaded script addonpack_alienevo:kubejs_scripts/code_hints.js in 0.001 s
[03:13:02] [INFO] Loaded script addonpack_alienevo:kubejs_scripts/break_block.js in 0.001 s
[03:13:02] [INFO] Loaded script addonpack_alienevo:kubejs_scripts/hit.js in 0.001 s
[03:13:02] [INFO] Loaded script addonpack_alienevo:kubejs_scripts/playlist_command.js in 0.006 s
[03:13:02] [INFO] Loaded script addonpack_alienevo:kubejs_scripts/workbench.js in 0.028 s
[03:13:02] [INFO] Loaded script addonpack_alienevo:kubejs_scripts/workbench_items.js in 0.002 s
[03:13:02] [INFO] Loaded script addonpack_alienevo:kubejs_scripts/level_command.js in 0.001 s
[03:13:02] [INFO] Loaded script addonpack_alienevo:kubejs_scripts/quick_change.js in 0.004 s
[03:13:02] [INFO] Loaded script addonpack_alienevo:kubejs_scripts/flammable_block.js in 0.0 s
[03:13:02] [INFO] Loaded script addonpack_alienevo:kubejs_scripts/nbt_omnitrix.js in 0.0 s
[03:13:02] [INFO] Loaded script addonpack_mypowers:kubejs_scripts/auto_playlist.js in 0.001 s
[03:13:02] [INFO] Loaded script addonpack_mypowers:kubejs_scripts/nullvoid_portal.js in 0.001 s
[03:13:02] [INFO] Loaded script addonpack_mypowers:kubejs_scripts/nullvoid_farmland.js in 0.0 s
[03:13:02] [INFO] Loaded script addonpack_mypowers:kubejs_scripts/nodamage.js in 0.0 s
[03:13:02] [INFO] Loaded script addonpack_mypowers:kubejs_scripts/debate_dimension_tp.js in 0.001 s
[03:13:02] [INFO] Loaded script addonpack_grave.core:kubejs_scripts/death_no_armour.js in 0.0 s
[03:13:02] [INFO] Loaded script addonpack_grave.core:kubejs_scripts/camera.js in 0.001 s
[03:13:02] [INFO] Loaded script addonpack_grave.core:kubejs_scripts/key.js in 0.0 s
[03:13:02] [INFO] Loaded script addonpack_grave.core:kubejs_scripts/receive_power_selected.js in 0.0 s
[03:13:02] [INFO] Loaded 25/25 KubeJS server scripts in 0.081 s with 0 errors and 0 warnings
[03:13:02] [INFO] Scripts loaded
[03:13:03] [INFO] [minecraft:block] Found 433 tags, added 14 objects, removed 0 objects
[03:13:03] [INFO] [minecraft:item] Found 641 tags, added 4 objects, removed 0 objects
[03:13:06] [INFO] Server resource reload complete!
[03:14:44] [ERROR] ! addonpack_grave.core:kubejs_scripts/death_no_armour.js#7: Error in 'EntityEvents.death': TypeError: Cannot call method "addTag" of null
[03:15:00] [ERROR] ! addonpack_grave.core:kubejs_scripts/death_no_armour.js#7: Error in 'EntityEvents.death': TypeError: Cannot call method "addTag" of null
[03:15:05] [ERROR] ! addonpack_grave.core:kubejs_scripts/death_no_armour.js#7: Error in 'EntityEvents.death': TypeError: Cannot call method "addTag" of null
[03:15:48] [ERROR] ! addonpack_grave.core:kubejs_scripts/death_no_armour.js#7: Error in 'EntityEvents.death': TypeError: Cannot call method "addTag" of null
[03:15:53] [ERROR] ! addonpack_grave.core:kubejs_scripts/death_no_armour.js#7: Error in 'EntityEvents.death': TypeError: Cannot call method "addTag" of null
[03:15:58] [ERROR] ! addonpack_grave.core:kubejs_scripts/death_no_armour.js#7: Error in 'EntityEvents.death': TypeError: Cannot call method "addTag" of null
[03:16:04] [ERROR] ! addonpack_grave.core:kubejs_scripts/death_no_armour.js#7: Error in 'EntityEvents.death': TypeError: Cannot call method "addTag" of null
[03:16:08] [ERROR] ! addonpack_grave.core:kubejs_scripts/death_no_armour.js#7: Error in 'EntityEvents.death': TypeError: Cannot call method "addTag" of null
[03:16:37] [ERROR] ! addonpack_grave.core:kubejs_scripts/death_no_armour.js#7: Error in 'EntityEvents.death': TypeError: Cannot call method "addTag" of null
[03:17:18] [ERROR] ! addonpack_grave.core:kubejs_scripts/death_no_armour.js#7: Error in 'EntityEvents.death': TypeError: Cannot call method "addTag" of null
[03:17:18] [ERROR] ! addonpack_grave.core:kubejs_scripts/death_no_armour.js#7: Error in 'EntityEvents.death': TypeError: Cannot call method "addTag" of null
[03:17:19] [ERROR] ! addonpack_grave.core:kubejs_scripts/death_no_armour.js#7: Error in 'EntityEvents.death': TypeError: Cannot call method "addTag" of null
[03:18:07] [ERROR] ! addonpack_grave.core:kubejs_scripts/death_no_armour.js#7: Error in 'EntityEvents.death': TypeError: Cannot call method "addTag" of null
[03:18:12] [ERROR] ! addonpack_grave.core:kubejs_scripts/death_no_armour.js#7: Error in 'EntityEvents.death': TypeError: Cannot call method "addTag" of null
[03:18:15] [ERROR] ! addonpack_grave.core:kubejs_scripts/death_no_armour.js#7: Error in 'EntityEvents.death': TypeError: Cannot call method "addTag" of null
[03:18:16] [ERROR] ! addonpack_grave.core:kubejs_scripts/death_no_armour.js#7: Error in 'EntityEvents.death': TypeError: Cannot call method "addTag" of null
[03:18:19] [ERROR] ! addonpack_grave.core:kubejs_scripts/death_no_armour.js#7: Error in 'EntityEvents.death': TypeError: Cannot call method "addTag" of null
[03:18:27] [ERROR] ! addonpack_grave.core:kubejs_scripts/death_no_armour.js#7: Error in 'EntityEvents.death': TypeError: Cannot call method "addTag" of null
[03:18:27] [ERROR] ! addonpack_grave.core:kubejs_scripts/death_no_armour.js#7: Error in 'EntityEvents.death': TypeError: Cannot call method "addTag" of null
[03:18:29] [ERROR] ! addonpack_grave.core:kubejs_scripts/death_no_armour.js#7: Error in 'EntityEvents.death': TypeError: Cannot call method "addTag" of null
[03:18:32] [ERROR] ! addonpack_grave.core:kubejs_scripts/death_no_armour.js#7: Error in 'EntityEvents.death': TypeError: Cannot call method "addTag" of null
[03:18:33] [ERROR] ! addonpack_grave.core:kubejs_scripts/death_no_armour.js#7: Error in 'EntityEvents.death': TypeError: Cannot call method "addTag" of null
[03:18:33] [ERROR] ! addonpack_grave.core:kubejs_scripts/death_no_armour.js#7: Error in 'EntityEvents.death': TypeError: Cannot call method "addTag" of null
[03:18:36] [ERROR] ! addonpack_grave.core:kubejs_scripts/death_no_armour.js#7: Error in 'EntityEvents.death': TypeError: Cannot call method "addTag" of null
[03:18:39] [ERROR] ! addonpack_grave.core:kubejs_scripts/death_no_armour.js#7: Error in 'EntityEvents.death': TypeError: Cannot call method "addTag" of null
[03:18:45] [ERROR] ! addonpack_grave.core:kubejs_scripts/death_no_armour.js#7: Error in 'EntityEvents.death': TypeError: Cannot call method "addTag" of null
[03:18:50] [ERROR] ! addonpack_grave.core:kubejs_scripts/death_no_armour.js#7: Error in 'EntityEvents.death': TypeError: Cannot call method "addTag" of null
[03:19:00] [ERROR] ! addonpack_grave.core:kubejs_scripts/death_no_armour.js#7: Error in 'EntityEvents.death': TypeError: Cannot call method "addTag" of null
[03:19:11] [ERROR] ! addonpack_grave.core:kubejs_scripts/death_no_armour.js#7: Error in 'EntityEvents.death': TypeError: Cannot call method "addTag" of null
[03:19:14] [ERROR] ! addonpack_grave.core:kubejs_scripts/death_no_armour.js#7: Error in 'EntityEvents.death': TypeError: Cannot call method "addTag" of null
[03:19:44] [ERROR] ! addonpack_grave.core:kubejs_scripts/death_no_armour.js#7: Error in 'EntityEvents.death': TypeError: Cannot call method "addTag" of null
[03:19:47] [ERROR] ! addonpack_grave.core:kubejs_scripts/death_no_armour.js#7: Error in 'EntityEvents.death': TypeError: Cannot call method "addTag" of null
[03:19:49] [ERROR] ! addonpack_grave.core:kubejs_scripts/death_no_armour.js#7: Error in 'EntityEvents.death': TypeError: Cannot call method "addTag" of null
[03:19:51] [ERROR] ! addonpack_grave.core:kubejs_scripts/death_no_armour.js#7: Error in 'EntityEvents.death': TypeError: Cannot call method "addTag" of null
[03:19:53] [ERROR] ! addonpack_grave.core:kubejs_scripts/death_no_armour.js#7: Error in 'EntityEvents.death': TypeError: Cannot call method "addTag" of null
[03:19:56] [ERROR] ! addonpack_grave.core:kubejs_scripts/death_no_armour.js#7: Error in 'EntityEvents.death': TypeError: Cannot call method "addTag" of null
[03:19:57] [ERROR] ! addonpack_grave.core:kubejs_scripts/death_no_armour.js#7: Error in 'EntityEvents.death': TypeError: Cannot call method "addTag" of null
[03:20:02] [ERROR] ! addonpack_grave.core:kubejs_scripts/death_no_armour.js#7: Error in 'EntityEvents.death': TypeError: Cannot call method "addTag" of null
[03:20:07] [ERROR] ! addonpack_grave.core:kubejs_scripts/death_no_armour.js#7: Error in 'EntityEvents.death': TypeError: Cannot call method "addTag" of null
[03:20:09] [ERROR] ! addonpack_grave.core:kubejs_scripts/death_no_armour.js#7: Error in 'EntityEvents.death': TypeError: Cannot call method "addTag" of null
[03:20:12] [ERROR] ! addonpack_grave.core:kubejs_scripts/death_no_armour.js#7: Error in 'EntityEvents.death': TypeError: Cannot call method "addTag" of null
[03:20:14] [ERROR] ! addonpack_grave.core:kubejs_scripts/death_no_armour.js#7: Error in 'EntityEvents.death': TypeError: Cannot call method "addTag" of null
[03:20:17] [ERROR] ! addonpack_grave.core:kubejs_scripts/death_no_armour.js#7: Error in 'EntityEvents.death': TypeError: Cannot call method "addTag" of null
[03:20:20] [ERROR] ! addonpack_grave.core:kubejs_scripts/death_no_armour.js#7: Error in 'EntityEvents.death': TypeError: Cannot call method "addTag" of null
[03:20:23] [ERROR] ! addonpack_grave.core:kubejs_scripts/death_no_armour.js#7: Error in 'EntityEvents.death': TypeError: Cannot call method "addTag" of null
[03:20:33] [ERROR] ! addonpack_grave.core:kubejs_scripts/death_no_armour.js#7: Error in 'EntityEvents.death': TypeError: Cannot call method "addTag" of null
[03:20:39] [ERROR] ! addonpack_grave.core:kubejs_scripts/death_no_armour.js#7: Error in 'EntityEvents.death': TypeError: Cannot call method "addTag" of null
[03:21:21] [ERROR] ! addonpack_grave.core:kubejs_scripts/death_no_armour.js#7: Error in 'EntityEvents.death': TypeError: Cannot call method "addTag" of null
[03:21:23] [ERROR] ! addonpack_grave.core:kubejs_scripts/death_no_armour.js#7: Error in 'EntityEvents.death': TypeError: Cannot call method "addTag" of null
[03:21:32] [ERROR] ! addonpack_grave.core:kubejs_scripts/death_no_armour.js#7: Error in 'EntityEvents.death': TypeError: Cannot call method "addTag" of null
[03:21:33] [ERROR] ! addonpack_grave.core:kubejs_scripts/death_no_armour.js#7: Error in 'EntityEvents.death': TypeError: Cannot call method "addTag" of null
[03:21:35] [ERROR] ! addonpack_grave.core:kubejs_scripts/death_no_armour.js#7: Error in 'EntityEvents.death': TypeError: Cannot call method "addTag" of null
[03:21:42] [ERROR] ! addonpack_grave.core:kubejs_scripts/death_no_armour.js#7: Error in 'EntityEvents.death': TypeError: Cannot call method "addTag" of null
[03:21:51] [ERROR] ! addonpack_grave.core:kubejs_scripts/death_no_armour.js#7: Error in 'EntityEvents.death': TypeError: Cannot call method "addTag" of null
[03:21:53] [ERROR] ! addonpack_grave.core:kubejs_scripts/death_no_armour.js#7: Error in 'EntityEvents.death': TypeError: Cannot call method "addTag" of null
[03:21:55] [ERROR] ! addonpack_grave.core:kubejs_scripts/death_no_armour.js#7: Error in 'EntityEvents.death': TypeError: Cannot call method "addTag" of null
[03:22:10] [ERROR] ! addonpack_grave.core:kubejs_scripts/death_no_armour.js#7: Error in 'EntityEvents.death': TypeError: Cannot call method "addTag" of null
[03:22:29] [ERROR] ! addonpack_grave.core:kubejs_scripts/death_no_armour.js#7: Error in 'EntityEvents.death': TypeError: Cannot call method "addTag" of null
[03:22:34] [ERROR] ! addonpack_grave.core:kubejs_scripts/death_no_armour.js#7: Error in 'EntityEvents.death': TypeError: Cannot call method "addTag" of null
